<?xml version="1.0" encoding="UTF-8"?>
<!-- Generated by org.testng.reporters.JUnitXMLReporter -->
<testsuite ignored="0" hostname="DESKTOP-SSNQ87O" failures="0" tests="2" name="Master Suite(failed)" time="11.59" errors="0" timestamp="2024-12-19T11:53:13 IST">
  <testcase classname="testCases.TC001_AccountRegistrationTest" name="verify_account_registration" time="2.543"/>
  <testcase classname="testCases.TC002_LoginTest" name="verify_login" time="1.766"/>
</testsuite> <!-- Master Suite(failed) -->
